09-11 11:52:41 replicate_layout.action_replicate_layout 305:Plugin executed on: 'win32'
09-11 11:52:41 replicate_layout.action_replicate_layout 306:Plugin executed with python version: '2.7.16 (default, Aug 15 2019, 17:51:40)  [GCC 9.2.0 64 bit (AMD64)]'
09-11 11:52:41 replicate_layout.action_replicate_layout 307:KiCad build version: (5.1.6)-1
09-11 11:52:41 replicate_layout.action_replicate_layout 308:Replicate layout plugin version: 68 started
09-11 11:52:41 replicate_layout.action_replicate_layout 319:wx top level windows: wxWindowList: [<wx._windows.Frame; proxy of <Swig Object of type 'wxFrame *' at 0x30ecb20> >, <wx._windows.Frame; proxy of <Swig Object of type 'wxFrame *' at 0x30f5130> >, <wx._windows.Frame; proxy of <Swig Object of type 'wxFrame *' at 0x7737a50> >, <wx._windows.Frame; proxy of <Swig Object of type 'wxFrame *' at 0x770dd10> >, <wx._windows.Frame; proxy of <Swig Object of type 'wxFrame *' at 0x13730fe0> >, <wx._windows.Frame; proxy of <Swig Object of type 'wxFrame *' at 0x458ffc0> >, <wx._windows.Frame; proxy of <Swig Object of type 'wxFrame *' at 0x4590a10> >]
09-11 11:52:41 replicate_layout.action_replicate_layout 343:Preparing replicator with U1 as a reference
09-11 11:52:41 replicate_layout.replicatelayout 215:getting project hierarchy from schematics
09-11 11:52:41 replicate_layout.replicatelayout 217:Project hierarchy looks like:
{u'6E7B0394': [u'left_OBC', u'C:\\Users\\Filip.Filip\\Documents\\VST104\\board_delta\\left_OBC.sch'], u'5F8745FB': [u'right_OBC', u'C:\\Users\\Filip.Filip\\Documents\\VST104\\board_delta\\left_OBC.sch']}
09-11 11:52:41 replicate_layout.replicatelayout 225:getting a list of all footprints on board
09-11 11:52:41 replicate_layout.action_replicate_layout 370:source anchor footprint is u'U1'
Located on:[u'left_OBC']
With filenames:[u'left_OBC.sch']
With sheet_id:[u'left_OBC']
09-11 11:52:41 replicate_layout.action_replicate_layout 374:Corresponding footprints are 
[(u'U4', [u'right_OBC']), (u'U1', [u'left_OBC'])]
09-11 11:52:41 replicate_layout.action_replicate_layout 387:Showing dialog
09-11 11:52:41 replicate_layout.action_replicate_layout 391:Pcbnew position: wx.Point(-8, -8)
09-11 11:52:41 replicate_layout.action_replicate_layout 397:Display 0: wx.Rect(1920, 0, 1920, 1080)
09-11 11:52:41 replicate_layout.action_replicate_layout 397:Display 1: wx.Rect(0, 0, 1920, 1080)
09-11 11:52:41 replicate_layout.action_replicate_layout 401:Toolbar position: wx.Point(1722, 121)
09-11 11:52:41 replicate_layout.action_replicate_layout 408:Dialog position: wx.Point(1409, 121)
09-11 11:52:43 replicate_layout.replicatelayout 249:construcing a list of sheets suitable for replication on level:u'left_OBC', file:u'left_OBC.sch'
09-11 11:52:43 replicate_layout.replicatelayout 256:Source sheet path up to the level:[u'left_OBC']
09-11 11:52:43 replicate_layout.replicatelayout 260:Footprints on the sheets:
[u'U4', u'U1']
09-11 11:52:43 replicate_layout.replicatelayout 263:Footprints raw sheet ids:
[u'/5F8745FB/9E4BB275', u'/6E7B0394/9E4BB275']
09-11 11:52:43 replicate_layout.replicatelayout 279:All sheets to replicate:
[[u'right_OBC'], [u'left_OBC']]
09-11 11:52:43 replicate_layout.replicatelayout 284:All sheets to replicate sorted:
[[u'left_OBC'], [u'right_OBC']]
09-11 11:52:43 replicate_layout.replicatelayout 290:All sheets to replicate sorted and without source sheet:
[[u'right_OBC']]
09-11 11:52:49 replicate_layout.replicatelayout 249:construcing a list of sheets suitable for replication on level:u'left_OBC', file:u'left_OBC.sch'
09-11 11:52:49 replicate_layout.replicatelayout 256:Source sheet path up to the level:[u'left_OBC']
09-11 11:52:49 replicate_layout.replicatelayout 260:Footprints on the sheets:
[u'U4', u'U1']
09-11 11:52:49 replicate_layout.replicatelayout 263:Footprints raw sheet ids:
[u'/5F8745FB/9E4BB275', u'/6E7B0394/9E4BB275']
09-11 11:52:49 replicate_layout.replicatelayout 279:All sheets to replicate:
[[u'right_OBC'], [u'left_OBC']]
09-11 11:52:49 replicate_layout.replicatelayout 284:All sheets to replicate sorted:
[[u'left_OBC'], [u'right_OBC']]
09-11 11:52:49 replicate_layout.replicatelayout 290:All sheets to replicate sorted and without source sheet:
[[u'right_OBC']]
09-11 11:52:49 replicate_layout.action_replicate_layout 179:Replicating layout
09-11 11:52:49 replicate_layout.replicatelayout 990:Starting replication of sheets: [[u'right_OBC']]
on level: [u'left_OBC']
with tracks=True, zone=True, text=True, containing=False, remove=False, locked=True
09-11 11:52:49 root 261:updating GUI message: 'Preparing for replication'
09-11 11:52:49 root 266:updating GUI with: 0
09-11 11:52:49 replicate_layout.replicatelayout 556:Getting the list of source footprints
09-11 11:52:49 replicate_layout.replicatelayout 560:Getting the list of all the remaining footprints
09-11 11:52:49 replicate_layout.replicatelayout 564:Getting nets local to source footprints
09-11 11:52:49 replicate_layout.replicatelayout 568:Getting source bounding box
09-11 11:52:49 root 266:updating GUI with: 37
09-11 11:52:49 replicate_layout.replicatelayout 572:Getting source tracks
09-11 11:52:49 replicate_layout.replicatelayout 576:Getting source zones
09-11 11:52:49 root 266:updating GUI with: 62
09-11 11:52:49 replicate_layout.replicatelayout 580:Getting source text items
09-11 11:52:49 replicate_layout.replicatelayout 584:Getting source text items
09-11 11:52:49 root 261:updating GUI message: 'Replicating footprints'
09-11 11:52:49 replicate_layout.replicatelayout 590:Replicating footprints
09-11 11:52:49 replicate_layout.replicatelayout 596:Replicating footprints on sheet [u'right_OBC']
09-11 11:52:49 root 266:updating GUI with: 1
09-11 11:52:49 root 266:updating GUI with: 15
09-11 11:52:49 root 266:updating GUI with: 25
09-11 11:52:49 root 266:updating GUI with: 32
09-11 11:52:49 root 266:updating GUI with: 40
09-11 11:52:49 root 266:updating GUI with: 48
09-11 11:52:49 root 266:updating GUI with: 54
09-11 11:52:49 root 266:updating GUI with: 61
09-11 11:52:49 root 266:updating GUI with: 68
09-11 11:52:49 root 266:updating GUI with: 75
09-11 11:52:49 root 266:updating GUI with: 83
09-11 11:52:49 root 266:updating GUI with: 90
09-11 11:52:49 root 266:updating GUI with: 96
09-11 11:52:49 root 261:updating GUI message: 'Replicating tracks'
09-11 11:52:49 replicate_layout.replicatelayout 716:Replicating tracks
09-11 11:52:49 replicate_layout.replicatelayout 722:Replicating tracks on sheet [u'right_OBC']
09-11 11:52:49 root 266:updating GUI with: 0
09-11 11:52:49 root 266:updating GUI with: 2
09-11 11:52:49 root 266:updating GUI with: 5
09-11 11:52:49 root 266:updating GUI with: 9
09-11 11:52:50 root 266:updating GUI with: 12
09-11 11:52:50 root 266:updating GUI with: 16
09-11 11:52:50 root 266:updating GUI with: 19
09-11 11:52:50 root 266:updating GUI with: 24
09-11 11:52:50 root 266:updating GUI with: 27
09-11 11:52:50 root 266:updating GUI with: 31
09-11 11:52:50 root 266:updating GUI with: 35
09-11 11:52:50 root 266:updating GUI with: 41
09-11 11:52:50 root 266:updating GUI with: 47
09-11 11:52:50 root 266:updating GUI with: 54
09-11 11:52:50 root 266:updating GUI with: 60
09-11 11:52:50 root 266:updating GUI with: 67
09-11 11:52:50 root 266:updating GUI with: 73
09-11 11:52:50 root 266:updating GUI with: 79
09-11 11:52:50 root 266:updating GUI with: 85
09-11 11:52:50 root 266:updating GUI with: 92
09-11 11:52:50 root 266:updating GUI with: 98
09-11 11:52:50 root 261:updating GUI message: 'Replicating zones'
09-11 11:52:50 replicate_layout.replicatelayout 767:Replicating zones
09-11 11:52:50 replicate_layout.replicatelayout 774:Replicating zones on sheet [u'right_OBC']
09-11 11:52:50 root 266:updating GUI with: 5
09-11 11:52:50 root 266:updating GUI with: 10
09-11 11:52:50 root 266:updating GUI with: 15
09-11 11:52:50 root 266:updating GUI with: 100
09-11 11:52:50 replicate_layout.replicatelayout 812:Skipping replication of a zone on copper layer without a net
09-11 11:52:50 root 261:updating GUI message: 'Replicating text'
09-11 11:52:50 replicate_layout.replicatelayout 833:Replicating text
09-11 11:52:50 replicate_layout.replicatelayout 840:Replicating text on sheet [u'right_OBC']
09-11 11:52:50 root 261:updating GUI message: 'Replicating drawings'
09-11 11:52:50 replicate_layout.replicatelayout 864:Replicating drawings
09-11 11:52:50 replicate_layout.replicatelayout 870:Replicating drawings on sheet [u'right_OBC']
09-11 11:52:50 replicate_layout.action_replicate_layout 201:Replication complete
